<?xml version="1.0" encoding="UTF-8"?>
<!-- Generated by org.testng.reporters.JUnitReportReporter -->
<testsuite hostname="DESKTOP-I1BF696" failures="0" tests="1" name="MyProject.Bukingflights" time="47.173" errors="0" timestamp="2022-03-03T20:35:52 IST" skipped="0">
  <testcase classname="MyProject.Bukingflights" name="f" time="47.173"/>
  <system-out/>
</testsuite> <!-- MyProject.Bukingflights -->
