<?xml version="1.0" encoding="UTF-8"?>
<!-- Generated by org.testng.reporters.JUnitReportReporter -->
<testsuite hostname="DESKTOP-I1BF696" failures="0" tests="5" name="MyProject.YatraApplication" time="42.884" errors="0" timestamp="2022-03-21T21:08:08 IST" skipped="0">
  <testcase classname="MyProject.YatraApplication" name="f" time="5.554"/>
  <system-out/>
  <testcase classname="MyProject.YatraApplication" name="holidays" time="1.295"/>
  <system-out/>
  <testcase classname="MyProject.YatraApplication" name="hotels" time="36.012"/>
  <system-out/>
  <testcase classname="MyProject.YatraApplication" name="Adventureholidays" time="0.018"/>
  <system-out/>
  <testcase classname="MyProject.YatraApplication" name="Bus" time="0.005"/>
  <system-out/>
</testsuite> <!-- MyProject.YatraApplication -->
