<?xml version="1.0" encoding="UTF-8"?>
<!-- Generated by org.testng.reporters.JUnitReportReporter -->
<testsuite hostname="DESKTOP-I1BF696" failures="0" tests="2" name="MyProject.Buses" time="24.940" errors="0" timestamp="2022-03-16T19:25:16 IST" skipped="0">
  <testcase classname="MyProject.Buses" name="f" time="18.660"/>
  <system-out/>
  <testcase classname="MyProject.Buses" name="Buses" time="6.280"/>
  <system-out/>
</testsuite> <!-- MyProject.Buses -->
