<?xml version="1.0" encoding="UTF-8"?>
<!-- Generated by org.testng.reporters.JUnitReportReporter -->
<testsuite hostname="DESKTOP-I1BF696" failures="0" tests="1" name="Links.Hotels" time="29.680" errors="0" timestamp="2022-03-21T21:25:03 IST" skipped="0">
  <testcase classname="Links.Hotels" name="f" time="29.680"/>
  <system-out/>
</testsuite> <!-- Links.Hotels -->
